<?xml version="1.0" encoding="UTF-8"?>
<!-- Generated by org.testng.reporters.JUnitReportReporter -->
<testsuite skipped="0" hostname="LAPTOP-6L1LSAPB" name="com.qa.hubspot.tests.HomePageTest" tests="1" failures="0" timestamp="20 Jun 2020 00:40:13 GMT" time="96.429" errors="0">
  <testcase name="verifyLoggedInUserTest" time="96.429" classname="com.qa.hubspot.tests.HomePageTest"/>
</testsuite> <!-- com.qa.hubspot.tests.HomePageTest -->
